2 processes
Using First-Come First-Served
Time 0: P2 arrived
Time 0: P2 selected (burst 9)
Time 1: P2 selected (burst 8)
Time 2: P2 selected (burst 7)
Time 3: P1 arrived
Time 3: P2 selected (burst 6)
Time 4: P2 selected (burst 5)
Time 5: P2 selected (burst 4)
Time 6: P2 selected (burst 3)
Time 7: P2 selected (burst 2)
Time 8: P2 selected (burst 1)
Time 9: P2 finished
Time 9: P1 selected (burst 5)
Time 10: P1 selected (burst 4)
Time 11: P1 selected (burst 3)
Time 12: P1 selected (burst 2)
Time 13: P1 selected (burst 1)
Time 14: P1 finished
Time 14: Idle
Finished at time 15

P1 wait 6 turnaround 11
P2 wait 0 turnaround 9
